

Processing IndexController#index (for 127.0.0.1 at 2008-11-13 12:42:51) [GET]
  Session ID: c909bd5d8d3bb4d076a73bd7195dee11
  Parameters: {"action"=>"index", "controller"=>"index"}
Rendering template within layouts/application
Rendering index/index
Completed in 0.00328 (305 reqs/sec) | Rendering: 0.00151 (46%) | DB: 0.00000 (0%) | 200 OK [http://0.0.0.0/]


Processing IndexController#index (for 127.0.0.1 at 2008-11-13 13:16:48) [GET]
  Session ID: BAh7BiIKZmxhc2hJQzonQWN0aW9uQ29udHJvbGxlcjo6Rmxhc2g6OkZsYXNo
SGFzaHsABjoKQHVzZWR7AA==--b7b8295c61d7f548d0955bab7cdd4daae46fd3a0
  Parameters: {"action"=>"index", "controller"=>"index"}
Rendering template within layouts/application
Rendering index/index


ActionView::TemplateError (undefined method `title' for #<ActionView::Base:0x23042a4>) on line #1 of index/index.html.erb:
1: <% title('Welcome') %>
2: hello there
    app/views/index/index.html.erb:1:in `_run_erb_47app47views47index47index46html46erb'
    /opt/local/lib/ruby/gems/1.8/gems/actionpack-2.1.1/lib/action_view/base.rb:342:in `send'
    /opt/local/lib/ruby/gems/1.8/gems/actionpack-2.1.1/lib/action_view/base.rb:342:in `execute'
    /opt/local/lib/ruby/gems/1.8/gems/actionpack-2.1.1/lib/action_view/template_handlers/compilable.rb:29:in `send'
    /opt/local/lib/ruby/gems/1.8/gems/actionpack-2.1.1/lib/action_view/template_handlers/compilable.rb:29:in `render'
    /opt/local/lib/ruby/gems/1.8/gems/actionpack-2.1.1/lib/action_view/template.rb:35:in `render'
    /opt/local/lib/ruby/gems/1.8/gems/actionpack-2.1.1/lib/action_view/template.rb:22:in `render_template'
    /opt/local/lib/ruby/gems/1.8/gems/actionpack-2.1.1/lib/action_view/base.rb:248:in `render_file'
    /opt/local/lib/ruby/gems/1.8/gems/actionpack-2.1.1/lib/action_controller/base.rb:1112:in `render_for_file'
    /opt/local/lib/ruby/gems/1.8/gems/actionpack-2.1.1/lib/action_controller/base.rb:845:in `render_with_no_layout'
    /opt/local/lib/ruby/gems/1.8/gems/actionpack-2.1.1/lib/action_controller/layout.rb:251:in `render_without_benchmark'
    /opt/local/lib/ruby/gems/1.8/gems/actionpack-2.1.1/lib/action_controller/benchmarking.rb:51:in `render'
    /opt/local/lib/ruby/gems/1.8/gems/activesupport-2.1.1/lib/active_support/core_ext/benchmark.rb:8:in `realtime'
    /opt/local/lib/ruby/gems/1.8/gems/actionpack-2.1.1/lib/action_controller/benchmarking.rb:51:in `render'
    /opt/local/lib/ruby/gems/1.8/gems/actionpack-2.1.1/lib/action_controller/base.rb:1161:in `default_render'
    /opt/local/lib/ruby/gems/1.8/gems/actionpack-2.1.1/lib/action_controller/base.rb:1167:in `perform_action_without_filters'
    /opt/local/lib/ruby/gems/1.8/gems/actionpack-2.1.1/lib/action_controller/filters.rb:579:in `call_filters'
    /opt/local/lib/ruby/gems/1.8/gems/actionpack-2.1.1/lib/action_controller/filters.rb:572:in `perform_action_without_benchmark'
    /opt/local/lib/ruby/gems/1.8/gems/actionpack-2.1.1/lib/action_controller/benchmarking.rb:68:in `perform_action_without_rescue'
    /opt/local/lib/ruby/1.8/benchmark.rb:293:in `measure'
    /opt/local/lib/ruby/gems/1.8/gems/actionpack-2.1.1/lib/action_controller/benchmarking.rb:68:in `perform_action_without_rescue'
    /opt/local/lib/ruby/gems/1.8/gems/actionpack-2.1.1/lib/action_controller/rescue.rb:201:in `perform_action_without_caching'
    /opt/local/lib/ruby/gems/1.8/gems/actionpack-2.1.1/lib/action_controller/caching/sql_cache.rb:13:in `perform_action'
    /opt/local/lib/ruby/gems/1.8/gems/activerecord-2.1.1/lib/active_record/connection_adapters/abstract/query_cache.rb:33:in `cache'
    /opt/local/lib/ruby/gems/1.8/gems/activerecord-2.1.1/lib/active_record/query_cache.rb:8:in `cache'
    /opt/local/lib/ruby/gems/1.8/gems/actionpack-2.1.1/lib/action_controller/caching/sql_cache.rb:12:in `perform_action'
    /opt/local/lib/ruby/gems/1.8/gems/actionpack-2.1.1/lib/action_controller/base.rb:529:in `send'
    /opt/local/lib/ruby/gems/1.8/gems/actionpack-2.1.1/lib/action_controller/base.rb:529:in `process_without_filters'
    /opt/local/lib/ruby/gems/1.8/gems/actionpack-2.1.1/lib/action_controller/filters.rb:568:in `process_without_session_management_support'
    /opt/local/lib/ruby/gems/1.8/gems/actionpack-2.1.1/lib/action_controller/session_management.rb:130:in `process'
    /opt/local/lib/ruby/gems/1.8/gems/actionpack-2.1.1/lib/action_controller/base.rb:389:in `process'
    /opt/local/lib/ruby/gems/1.8/gems/actionpack-2.1.1/lib/action_controller/dispatcher.rb:149:in `handle_request'
    /opt/local/lib/ruby/gems/1.8/gems/actionpack-2.1.1/lib/action_controller/dispatcher.rb:107:in `dispatch'
    /opt/local/lib/ruby/gems/1.8/gems/actionpack-2.1.1/lib/action_controller/dispatcher.rb:104:in `synchronize'
    /opt/local/lib/ruby/gems/1.8/gems/actionpack-2.1.1/lib/action_controller/dispatcher.rb:104:in `dispatch'
    /opt/local/lib/ruby/gems/1.8/gems/actionpack-2.1.1/lib/action_controller/dispatcher.rb:120:in `dispatch_cgi'
    /opt/local/lib/ruby/gems/1.8/gems/actionpack-2.1.1/lib/action_controller/dispatcher.rb:35:in `dispatch'
    /opt/local/lib/ruby/gems/1.8/gems/mongrel-1.1.5/lib/mongrel/rails.rb:76:in `process'
    /opt/local/lib/ruby/gems/1.8/gems/mongrel-1.1.5/lib/mongrel/rails.rb:74:in `synchronize'
    /opt/local/lib/ruby/gems/1.8/gems/mongrel-1.1.5/lib/mongrel/rails.rb:74:in `process'
    /opt/local/lib/ruby/gems/1.8/gems/mongrel-1.1.5/lib/mongrel.rb:159:in `process_client'
    /opt/local/lib/ruby/gems/1.8/gems/mongrel-1.1.5/lib/mongrel.rb:158:in `each'
    /opt/local/lib/ruby/gems/1.8/gems/mongrel-1.1.5/lib/mongrel.rb:158:in `process_client'
    /opt/local/lib/ruby/gems/1.8/gems/mongrel-1.1.5/lib/mongrel.rb:285:in `run'
    /opt/local/lib/ruby/gems/1.8/gems/mongrel-1.1.5/lib/mongrel.rb:285:in `initialize'
    /opt/local/lib/ruby/gems/1.8/gems/mongrel-1.1.5/lib/mongrel.rb:285:in `new'
    /opt/local/lib/ruby/gems/1.8/gems/mongrel-1.1.5/lib/mongrel.rb:285:in `run'
    /opt/local/lib/ruby/gems/1.8/gems/mongrel-1.1.5/lib/mongrel.rb:268:in `initialize'
    /opt/local/lib/ruby/gems/1.8/gems/mongrel-1.1.5/lib/mongrel.rb:268:in `new'
    /opt/local/lib/ruby/gems/1.8/gems/mongrel-1.1.5/lib/mongrel.rb:268:in `run'
    /opt/local/lib/ruby/gems/1.8/gems/mongrel-1.1.5/lib/mongrel/configurator.rb:282:in `run'
    /opt/local/lib/ruby/gems/1.8/gems/mongrel-1.1.5/lib/mongrel/configurator.rb:281:in `each'
    /opt/local/lib/ruby/gems/1.8/gems/mongrel-1.1.5/lib/mongrel/configurator.rb:281:in `run'
    /opt/local/lib/ruby/gems/1.8/gems/mongrel-1.1.5/bin/mongrel_rails:128:in `run'
    /opt/local/lib/ruby/gems/1.8/gems/mongrel-1.1.5/lib/mongrel/command.rb:212:in `run'
    /opt/local/lib/ruby/gems/1.8/gems/mongrel-1.1.5/bin/mongrel_rails:281
    /opt/local/lib/ruby/gems/1.8/gems/activesupport-2.1.1/lib/active_support/dependencies.rb:503:in `load'
    /opt/local/lib/ruby/gems/1.8/gems/activesupport-2.1.1/lib/active_support/dependencies.rb:503:in `load'
    /opt/local/lib/ruby/gems/1.8/gems/activesupport-2.1.1/lib/active_support/dependencies.rb:355:in `new_constants_in'
    /opt/local/lib/ruby/gems/1.8/gems/activesupport-2.1.1/lib/active_support/dependencies.rb:503:in `load'
    /opt/local/lib/ruby/gems/1.8/gems/rails-2.1.1/lib/commands/servers/mongrel.rb:64
    /opt/local/lib/ruby/vendor_ruby/1.8/rubygems/custom_require.rb:27:in `gem_original_require'
    /opt/local/lib/ruby/vendor_ruby/1.8/rubygems/custom_require.rb:27:in `require'
    /opt/local/lib/ruby/gems/1.8/gems/activesupport-2.1.1/lib/active_support/dependencies.rb:510:in `require'
    /opt/local/lib/ruby/gems/1.8/gems/activesupport-2.1.1/lib/active_support/dependencies.rb:355:in `new_constants_in'
    /opt/local/lib/ruby/gems/1.8/gems/activesupport-2.1.1/lib/active_support/dependencies.rb:510:in `require'
    /opt/local/lib/ruby/gems/1.8/gems/rails-2.1.1/lib/commands/server.rb:39
    /opt/local/lib/ruby/vendor_ruby/1.8/rubygems/custom_require.rb:27:in `gem_original_require'
    /opt/local/lib/ruby/vendor_ruby/1.8/rubygems/custom_require.rb:27:in `require'
    script/server:3

Rendering /opt/local/lib/ruby/gems/1.8/gems/actionpack-2.1.1/lib/action_controller/templates/rescues/layout.erb (internal_server_error)


Processing IndexController#index (for 127.0.0.1 at 2008-11-13 13:17:27) [GET]
  Session ID: BAh7BiIKZmxhc2hJQzonQWN0aW9uQ29udHJvbGxlcjo6Rmxhc2g6OkZsYXNo
SGFzaHsABjoKQHVzZWR7AA==--b7b8295c61d7f548d0955bab7cdd4daae46fd3a0
  Parameters: {"action"=>"index", "controller"=>"index"}
Rendering template within layouts/application
Rendering index/index


ActionView::TemplateError (undefined local variable or method `javascript' for #<ActionView::Base:0x25251dc>) on line #7 of layouts/application.html.erb:
4:   <head>
5:     <title>DeadlyiCoN | <%= yield :title %></title>
6:     <%= stylesheet_link_tag 'reset-fonts', 'application' %>
7:     <%= javascript %>
8:   </head>
9:   <body>
10:     welcome

    app/views/layouts/application.html.erb:7:in `_run_erb_47app47views47layouts47application46html46erb'
    /opt/local/lib/ruby/gems/1.8/gems/actionpack-2.1.1/lib/action_view/base.rb:342:in `send'
    /opt/local/lib/ruby/gems/1.8/gems/actionpack-2.1.1/lib/action_view/base.rb:342:in `execute'
    /opt/local/lib/ruby/gems/1.8/gems/actionpack-2.1.1/lib/action_view/template_handlers/compilable.rb:29:in `send'
    /opt/local/lib/ruby/gems/1.8/gems/actionpack-2.1.1/lib/action_view/template_handlers/compilable.rb:29:in `render'
    /opt/local/lib/ruby/gems/1.8/gems/actionpack-2.1.1/lib/action_view/template.rb:35:in `render'
    /opt/local/lib/ruby/gems/1.8/gems/actionpack-2.1.1/lib/action_view/template.rb:22:in `render_template'
    /opt/local/lib/ruby/gems/1.8/gems/actionpack-2.1.1/lib/action_view/base.rb:248:in `render_file'
    /opt/local/lib/ruby/gems/1.8/gems/actionpack-2.1.1/lib/action_controller/layout.rb:257:in `render_without_benchmark'
    /opt/local/lib/ruby/gems/1.8/gems/actionpack-2.1.1/lib/action_controller/benchmarking.rb:51:in `render'
    /opt/local/lib/ruby/gems/1.8/gems/activesupport-2.1.1/lib/active_support/core_ext/benchmark.rb:8:in `realtime'
    /opt/local/lib/ruby/gems/1.8/gems/actionpack-2.1.1/lib/action_controller/benchmarking.rb:51:in `render'
    /opt/local/lib/ruby/gems/1.8/gems/actionpack-2.1.1/lib/action_controller/base.rb:1161:in `default_render'
    /opt/local/lib/ruby/gems/1.8/gems/actionpack-2.1.1/lib/action_controller/base.rb:1167:in `perform_action_without_filters'
    /opt/local/lib/ruby/gems/1.8/gems/actionpack-2.1.1/lib/action_controller/filters.rb:579:in `call_filters'
    /opt/local/lib/ruby/gems/1.8/gems/actionpack-2.1.1/lib/action_controller/filters.rb:572:in `perform_action_without_benchmark'
    /opt/local/lib/ruby/gems/1.8/gems/actionpack-2.1.1/lib/action_controller/benchmarking.rb:68:in `perform_action_without_rescue'
    /opt/local/lib/ruby/1.8/benchmark.rb:293:in `measure'
    /opt/local/lib/ruby/gems/1.8/gems/actionpack-2.1.1/lib/action_controller/benchmarking.rb:68:in `perform_action_without_rescue'
    /opt/local/lib/ruby/gems/1.8/gems/actionpack-2.1.1/lib/action_controller/rescue.rb:201:in `perform_action_without_caching'
    /opt/local/lib/ruby/gems/1.8/gems/actionpack-2.1.1/lib/action_controller/caching/sql_cache.rb:13:in `perform_action'
    /opt/local/lib/ruby/gems/1.8/gems/activerecord-2.1.1/lib/active_record/connection_adapters/abstract/query_cache.rb:33:in `cache'
    /opt/local/lib/ruby/gems/1.8/gems/activerecord-2.1.1/lib/active_record/query_cache.rb:8:in `cache'
    /opt/local/lib/ruby/gems/1.8/gems/actionpack-2.1.1/lib/action_controller/caching/sql_cache.rb:12:in `perform_action'
    /opt/local/lib/ruby/gems/1.8/gems/actionpack-2.1.1/lib/action_controller/base.rb:529:in `send'
    /opt/local/lib/ruby/gems/1.8/gems/actionpack-2.1.1/lib/action_controller/base.rb:529:in `process_without_filters'
    /opt/local/lib/ruby/gems/1.8/gems/actionpack-2.1.1/lib/action_controller/filters.rb:568:in `process_without_session_management_support'
    /opt/local/lib/ruby/gems/1.8/gems/actionpack-2.1.1/lib/action_controller/session_management.rb:130:in `process'
    /opt/local/lib/ruby/gems/1.8/gems/actionpack-2.1.1/lib/action_controller/base.rb:389:in `process'
    /opt/local/lib/ruby/gems/1.8/gems/actionpack-2.1.1/lib/action_controller/dispatcher.rb:149:in `handle_request'
    /opt/local/lib/ruby/gems/1.8/gems/actionpack-2.1.1/lib/action_controller/dispatcher.rb:107:in `dispatch'
    /opt/local/lib/ruby/gems/1.8/gems/actionpack-2.1.1/lib/action_controller/dispatcher.rb:104:in `synchronize'
    /opt/local/lib/ruby/gems/1.8/gems/actionpack-2.1.1/lib/action_controller/dispatcher.rb:104:in `dispatch'
    /opt/local/lib/ruby/gems/1.8/gems/actionpack-2.1.1/lib/action_controller/dispatcher.rb:120:in `dispatch_cgi'
    /opt/local/lib/ruby/gems/1.8/gems/actionpack-2.1.1/lib/action_controller/dispatcher.rb:35:in `dispatch'
    /opt/local/lib/ruby/gems/1.8/gems/mongrel-1.1.5/lib/mongrel/rails.rb:76:in `process'
    /opt/local/lib/ruby/gems/1.8/gems/mongrel-1.1.5/lib/mongrel/rails.rb:74:in `synchronize'
    /opt/local/lib/ruby/gems/1.8/gems/mongrel-1.1.5/lib/mongrel/rails.rb:74:in `process'
    /opt/local/lib/ruby/gems/1.8/gems/mongrel-1.1.5/lib/mongrel.rb:159:in `process_client'
    /opt/local/lib/ruby/gems/1.8/gems/mongrel-1.1.5/lib/mongrel.rb:158:in `each'
    /opt/local/lib/ruby/gems/1.8/gems/mongrel-1.1.5/lib/mongrel.rb:158:in `process_client'
    /opt/local/lib/ruby/gems/1.8/gems/mongrel-1.1.5/lib/mongrel.rb:285:in `run'
    /opt/local/lib/ruby/gems/1.8/gems/mongrel-1.1.5/lib/mongrel.rb:285:in `initialize'
    /opt/local/lib/ruby/gems/1.8/gems/mongrel-1.1.5/lib/mongrel.rb:285:in `new'
    /opt/local/lib/ruby/gems/1.8/gems/mongrel-1.1.5/lib/mongrel.rb:285:in `run'
    /opt/local/lib/ruby/gems/1.8/gems/mongrel-1.1.5/lib/mongrel.rb:268:in `initialize'
    /opt/local/lib/ruby/gems/1.8/gems/mongrel-1.1.5/lib/mongrel.rb:268:in `new'
    /opt/local/lib/ruby/gems/1.8/gems/mongrel-1.1.5/lib/mongrel.rb:268:in `run'
    /opt/local/lib/ruby/gems/1.8/gems/mongrel-1.1.5/lib/mongrel/configurator.rb:282:in `run'
    /opt/local/lib/ruby/gems/1.8/gems/mongrel-1.1.5/lib/mongrel/configurator.rb:281:in `each'
    /opt/local/lib/ruby/gems/1.8/gems/mongrel-1.1.5/lib/mongrel/configurator.rb:281:in `run'
    /opt/local/lib/ruby/gems/1.8/gems/mongrel-1.1.5/bin/mongrel_rails:128:in `run'
    /opt/local/lib/ruby/gems/1.8/gems/mongrel-1.1.5/lib/mongrel/command.rb:212:in `run'
    /opt/local/lib/ruby/gems/1.8/gems/mongrel-1.1.5/bin/mongrel_rails:281
    /opt/local/lib/ruby/gems/1.8/gems/activesupport-2.1.1/lib/active_support/dependencies.rb:503:in `load'
    /opt/local/lib/ruby/gems/1.8/gems/activesupport-2.1.1/lib/active_support/dependencies.rb:503:in `load'
    /opt/local/lib/ruby/gems/1.8/gems/activesupport-2.1.1/lib/active_support/dependencies.rb:355:in `new_constants_in'
    /opt/local/lib/ruby/gems/1.8/gems/activesupport-2.1.1/lib/active_support/dependencies.rb:503:in `load'
    /opt/local/lib/ruby/gems/1.8/gems/rails-2.1.1/lib/commands/servers/mongrel.rb:64
    /opt/local/lib/ruby/vendor_ruby/1.8/rubygems/custom_require.rb:27:in `gem_original_require'
    /opt/local/lib/ruby/vendor_ruby/1.8/rubygems/custom_require.rb:27:in `require'
    /opt/local/lib/ruby/gems/1.8/gems/activesupport-2.1.1/lib/active_support/dependencies.rb:510:in `require'
    /opt/local/lib/ruby/gems/1.8/gems/activesupport-2.1.1/lib/active_support/dependencies.rb:355:in `new_constants_in'
    /opt/local/lib/ruby/gems/1.8/gems/activesupport-2.1.1/lib/active_support/dependencies.rb:510:in `require'
    /opt/local/lib/ruby/gems/1.8/gems/rails-2.1.1/lib/commands/server.rb:39
    /opt/local/lib/ruby/vendor_ruby/1.8/rubygems/custom_require.rb:27:in `gem_original_require'
    /opt/local/lib/ruby/vendor_ruby/1.8/rubygems/custom_require.rb:27:in `require'
    script/server:3

Rendering /opt/local/lib/ruby/gems/1.8/gems/actionpack-2.1.1/lib/action_controller/templates/rescues/layout.erb (internal_server_error)


Processing IndexController#index (for 127.0.0.1 at 2008-11-13 13:17:45) [GET]
  Session ID: BAh7BiIKZmxhc2hJQzonQWN0aW9uQ29udHJvbGxlcjo6Rmxhc2g6OkZsYXNo
SGFzaHsABjoKQHVzZWR7AA==--b7b8295c61d7f548d0955bab7cdd4daae46fd3a0
  Parameters: {"action"=>"index", "controller"=>"index"}
Rendering template within layouts/application
Rendering index/index
Completed in 0.00331 (302 reqs/sec) | Rendering: 0.00160 (48%) | DB: 0.00000 (0%) | 200 OK [http://0.0.0.0/]


Processing ApplicationController#index (for 127.0.0.1 at 2008-11-13 13:17:45) [GET]
  Session ID: BAh7BiIKZmxhc2hJQzonQWN0aW9uQ29udHJvbGxlcjo6Rmxhc2g6OkZsYXNo
SGFzaHsABjoKQHVzZWR7AA==--b7b8295c61d7f548d0955bab7cdd4daae46fd3a0
  Parameters: {}


ActionController::RoutingError (No route matches "/stylesheets/application.css" with {:method=>:get}):
    /opt/local/lib/ruby/gems/1.8/gems/actionpack-2.1.1/lib/action_controller/routing/recognition_optimisation.rb:67:in `recognize_path'
    /opt/local/lib/ruby/gems/1.8/gems/actionpack-2.1.1/lib/action_controller/routing/route_set.rb:384:in `recognize'
    /opt/local/lib/ruby/gems/1.8/gems/actionpack-2.1.1/lib/action_controller/dispatcher.rb:148:in `handle_request'
    /opt/local/lib/ruby/gems/1.8/gems/actionpack-2.1.1/lib/action_controller/dispatcher.rb:107:in `dispatch'
    /opt/local/lib/ruby/gems/1.8/gems/actionpack-2.1.1/lib/action_controller/dispatcher.rb:104:in `synchronize'
    /opt/local/lib/ruby/gems/1.8/gems/actionpack-2.1.1/lib/action_controller/dispatcher.rb:104:in `dispatch'
    /opt/local/lib/ruby/gems/1.8/gems/actionpack-2.1.1/lib/action_controller/dispatcher.rb:120:in `dispatch_cgi'
    /opt/local/lib/ruby/gems/1.8/gems/actionpack-2.1.1/lib/action_controller/dispatcher.rb:35:in `dispatch'
    /opt/local/lib/ruby/gems/1.8/gems/mongrel-1.1.5/bin/../lib/mongrel/rails.rb:76:in `process'
    /opt/local/lib/ruby/gems/1.8/gems/mongrel-1.1.5/bin/../lib/mongrel/rails.rb:74:in `synchronize'
    /opt/local/lib/ruby/gems/1.8/gems/mongrel-1.1.5/bin/../lib/mongrel/rails.rb:74:in `process'
    /opt/local/lib/ruby/gems/1.8/gems/mongrel-1.1.5/lib/mongrel.rb:159:in `process_client'
    /opt/local/lib/ruby/gems/1.8/gems/mongrel-1.1.5/lib/mongrel.rb:158:in `each'
    /opt/local/lib/ruby/gems/1.8/gems/mongrel-1.1.5/lib/mongrel.rb:158:in `process_client'
    /opt/local/lib/ruby/gems/1.8/gems/mongrel-1.1.5/lib/mongrel.rb:285:in `run'
    /opt/local/lib/ruby/gems/1.8/gems/mongrel-1.1.5/lib/mongrel.rb:285:in `initialize'
    /opt/local/lib/ruby/gems/1.8/gems/mongrel-1.1.5/lib/mongrel.rb:285:in `new'
    /opt/local/lib/ruby/gems/1.8/gems/mongrel-1.1.5/lib/mongrel.rb:285:in `run'
    /opt/local/lib/ruby/gems/1.8/gems/mongrel-1.1.5/lib/mongrel.rb:268:in `initialize'
    /opt/local/lib/ruby/gems/1.8/gems/mongrel-1.1.5/lib/mongrel.rb:268:in `new'
    /opt/local/lib/ruby/gems/1.8/gems/mongrel-1.1.5/lib/mongrel.rb:268:in `run'
    /opt/local/lib/ruby/gems/1.8/gems/mongrel-1.1.5/lib/mongrel/configurator.rb:282:in `run'
    /opt/local/lib/ruby/gems/1.8/gems/mongrel-1.1.5/lib/mongrel/configurator.rb:281:in `each'
    /opt/local/lib/ruby/gems/1.8/gems/mongrel-1.1.5/lib/mongrel/configurator.rb:281:in `run'
    /opt/local/lib/ruby/gems/1.8/gems/mongrel-1.1.5/bin/mongrel_rails:128:in `run'
    /opt/local/lib/ruby/gems/1.8/gems/mongrel-1.1.5/lib/mongrel/command.rb:212:in `run'
    /opt/local/lib/ruby/gems/1.8/gems/mongrel-1.1.5/bin/mongrel_rails:281
    /opt/local/lib/ruby/gems/1.8/gems/activesupport-2.1.1/lib/active_support/dependencies.rb:503:in `load'
    /opt/local/lib/ruby/gems/1.8/gems/activesupport-2.1.1/lib/active_support/dependencies.rb:503:in `load'
    /opt/local/lib/ruby/gems/1.8/gems/activesupport-2.1.1/lib/active_support/dependencies.rb:355:in `new_constants_in'
    /opt/local/lib/ruby/gems/1.8/gems/activesupport-2.1.1/lib/active_support/dependencies.rb:503:in `load'
    /opt/local/lib/ruby/gems/1.8/gems/rails-2.1.1/lib/commands/servers/mongrel.rb:64
    /opt/local/lib/ruby/vendor_ruby/1.8/rubygems/custom_require.rb:27:in `gem_original_require'
    /opt/local/lib/ruby/vendor_ruby/1.8/rubygems/custom_require.rb:27:in `require'
    /opt/local/lib/ruby/gems/1.8/gems/activesupport-2.1.1/lib/active_support/dependencies.rb:510:in `require'
    /opt/local/lib/ruby/gems/1.8/gems/activesupport-2.1.1/lib/active_support/dependencies.rb:355:in `new_constants_in'
    /opt/local/lib/ruby/gems/1.8/gems/activesupport-2.1.1/lib/active_support/dependencies.rb:510:in `require'
    /opt/local/lib/ruby/gems/1.8/gems/rails-2.1.1/lib/commands/server.rb:39
    /opt/local/lib/ruby/vendor_ruby/1.8/rubygems/custom_require.rb:27:in `gem_original_require'
    /opt/local/lib/ruby/vendor_ruby/1.8/rubygems/custom_require.rb:27:in `require'
    ./script/server:3

Rendering /opt/local/lib/ruby/gems/1.8/gems/actionpack-2.1.1/lib/action_controller/templates/rescues/layout.erb (not_found)


Processing IndexController#index (for 127.0.0.1 at 2008-11-13 13:21:34) [GET]
  Session ID: BAh7BiIKZmxhc2hJQzonQWN0aW9uQ29udHJvbGxlcjo6Rmxhc2g6OkZsYXNo
SGFzaHsABjoKQHVzZWR7AA==--b7b8295c61d7f548d0955bab7cdd4daae46fd3a0
  Parameters: {"action"=>"index", "controller"=>"index"}
Rendering template within layouts/application
Rendering index/index
Completed in 0.00388 (257 reqs/sec) | Rendering: 0.00216 (55%) | DB: 0.00000 (0%) | 200 OK [http://0.0.0.0/]


Processing ApplicationController#index (for 127.0.0.1 at 2008-11-13 13:21:34) [GET]
  Session ID: BAh7BiIKZmxhc2hJQzonQWN0aW9uQ29udHJvbGxlcjo6Rmxhc2g6OkZsYXNo
SGFzaHsABjoKQHVzZWR7AA==--b7b8295c61d7f548d0955bab7cdd4daae46fd3a0
  Parameters: {}


ActionController::RoutingError (No route matches "/stylesheets/application.css" with {:method=>:get}):
    /opt/local/lib/ruby/gems/1.8/gems/actionpack-2.1.1/lib/action_controller/routing/recognition_optimisation.rb:67:in `recognize_path'
    /opt/local/lib/ruby/gems/1.8/gems/actionpack-2.1.1/lib/action_controller/routing/route_set.rb:384:in `recognize'
    /opt/local/lib/ruby/gems/1.8/gems/actionpack-2.1.1/lib/action_controller/dispatcher.rb:148:in `handle_request'
    /opt/local/lib/ruby/gems/1.8/gems/actionpack-2.1.1/lib/action_controller/dispatcher.rb:107:in `dispatch'
    /opt/local/lib/ruby/gems/1.8/gems/actionpack-2.1.1/lib/action_controller/dispatcher.rb:104:in `synchronize'
    /opt/local/lib/ruby/gems/1.8/gems/actionpack-2.1.1/lib/action_controller/dispatcher.rb:104:in `dispatch'
    /opt/local/lib/ruby/gems/1.8/gems/actionpack-2.1.1/lib/action_controller/dispatcher.rb:120:in `dispatch_cgi'
    /opt/local/lib/ruby/gems/1.8/gems/actionpack-2.1.1/lib/action_controller/dispatcher.rb:35:in `dispatch'
    /opt/local/lib/ruby/gems/1.8/gems/mongrel-1.1.5/bin/../lib/mongrel/rails.rb:76:in `process'
    /opt/local/lib/ruby/gems/1.8/gems/mongrel-1.1.5/bin/../lib/mongrel/rails.rb:74:in `synchronize'
    /opt/local/lib/ruby/gems/1.8/gems/mongrel-1.1.5/bin/../lib/mongrel/rails.rb:74:in `process'
    /opt/local/lib/ruby/gems/1.8/gems/mongrel-1.1.5/lib/mongrel.rb:159:in `process_client'
    /opt/local/lib/ruby/gems/1.8/gems/mongrel-1.1.5/lib/mongrel.rb:158:in `each'
    /opt/local/lib/ruby/gems/1.8/gems/mongrel-1.1.5/lib/mongrel.rb:158:in `process_client'
    /opt/local/lib/ruby/gems/1.8/gems/mongrel-1.1.5/lib/mongrel.rb:285:in `run'
    /opt/local/lib/ruby/gems/1.8/gems/mongrel-1.1.5/lib/mongrel.rb:285:in `initialize'
    /opt/local/lib/ruby/gems/1.8/gems/mongrel-1.1.5/lib/mongrel.rb:285:in `new'
    /opt/local/lib/ruby/gems/1.8/gems/mongrel-1.1.5/lib/mongrel.rb:285:in `run'
    /opt/local/lib/ruby/gems/1.8/gems/mongrel-1.1.5/lib/mongrel.rb:268:in `initialize'
    /opt/local/lib/ruby/gems/1.8/gems/mongrel-1.1.5/lib/mongrel.rb:268:in `new'
    /opt/local/lib/ruby/gems/1.8/gems/mongrel-1.1.5/lib/mongrel.rb:268:in `run'
    /opt/local/lib/ruby/gems/1.8/gems/mongrel-1.1.5/lib/mongrel/configurator.rb:282:in `run'
    /opt/local/lib/ruby/gems/1.8/gems/mongrel-1.1.5/lib/mongrel/configurator.rb:281:in `each'
    /opt/local/lib/ruby/gems/1.8/gems/mongrel-1.1.5/lib/mongrel/configurator.rb:281:in `run'
    /opt/local/lib/ruby/gems/1.8/gems/mongrel-1.1.5/bin/mongrel_rails:128:in `run'
    /opt/local/lib/ruby/gems/1.8/gems/mongrel-1.1.5/lib/mongrel/command.rb:212:in `run'
    /opt/local/lib/ruby/gems/1.8/gems/mongrel-1.1.5/bin/mongrel_rails:281
    /opt/local/lib/ruby/gems/1.8/gems/activesupport-2.1.1/lib/active_support/dependencies.rb:503:in `load'
    /opt/local/lib/ruby/gems/1.8/gems/activesupport-2.1.1/lib/active_support/dependencies.rb:503:in `load'
    /opt/local/lib/ruby/gems/1.8/gems/activesupport-2.1.1/lib/active_support/dependencies.rb:355:in `new_constants_in'
    /opt/local/lib/ruby/gems/1.8/gems/activesupport-2.1.1/lib/active_support/dependencies.rb:503:in `load'
    /opt/local/lib/ruby/gems/1.8/gems/rails-2.1.1/lib/commands/servers/mongrel.rb:64
    /opt/local/lib/ruby/vendor_ruby/1.8/rubygems/custom_require.rb:27:in `gem_original_require'
    /opt/local/lib/ruby/vendor_ruby/1.8/rubygems/custom_require.rb:27:in `require'
    /opt/local/lib/ruby/gems/1.8/gems/activesupport-2.1.1/lib/active_support/dependencies.rb:510:in `require'
    /opt/local/lib/ruby/gems/1.8/gems/activesupport-2.1.1/lib/active_support/dependencies.rb:355:in `new_constants_in'
    /opt/local/lib/ruby/gems/1.8/gems/activesupport-2.1.1/lib/active_support/dependencies.rb:510:in `require'
    /opt/local/lib/ruby/gems/1.8/gems/rails-2.1.1/lib/commands/server.rb:39
    /opt/local/lib/ruby/vendor_ruby/1.8/rubygems/custom_require.rb:27:in `gem_original_require'
    /opt/local/lib/ruby/vendor_ruby/1.8/rubygems/custom_require.rb:27:in `require'
    ./script/server:3

Rendering /opt/local/lib/ruby/gems/1.8/gems/actionpack-2.1.1/lib/action_controller/templates/rescues/layout.erb (not_found)


Processing IndexController#index (for 127.0.0.1 at 2008-11-13 13:23:07) [GET]
  Session ID: BAh7BiIKZmxhc2hJQzonQWN0aW9uQ29udHJvbGxlcjo6Rmxhc2g6OkZsYXNo
SGFzaHsABjoKQHVzZWR7AA==--b7b8295c61d7f548d0955bab7cdd4daae46fd3a0
  Parameters: {"action"=>"index", "controller"=>"index"}
Rendering template within layouts/application
Rendering index/index
Completed in 0.00299 (334 reqs/sec) | Rendering: 0.00126 (42%) | DB: 0.00000 (0%) | 200 OK [http://0.0.0.0/]


Processing IndexController#index (for 127.0.0.1 at 2008-11-13 13:24:50) [GET]
  Session ID: BAh7BiIKZmxhc2hJQzonQWN0aW9uQ29udHJvbGxlcjo6Rmxhc2g6OkZsYXNo
SGFzaHsABjoKQHVzZWR7AA==--b7b8295c61d7f548d0955bab7cdd4daae46fd3a0
  Parameters: {"action"=>"index", "controller"=>"index"}
Rendering template within layouts/application
Rendering index/index
Completed in 0.00365 (273 reqs/sec) | Rendering: 0.00201 (55%) | DB: 0.00000 (0%) | 200 OK [http://0.0.0.0/]


Processing IndexController#index (for 127.0.0.1 at 2008-11-13 13:24:51) [GET]
  Session ID: BAh7BiIKZmxhc2hJQzonQWN0aW9uQ29udHJvbGxlcjo6Rmxhc2g6OkZsYXNo
SGFzaHsABjoKQHVzZWR7AA==--b7b8295c61d7f548d0955bab7cdd4daae46fd3a0
  Parameters: {"action"=>"index", "controller"=>"index"}
Rendering template within layouts/application
Rendering index/index
Completed in 0.00303 (329 reqs/sec) | Rendering: 0.00130 (42%) | DB: 0.00000 (0%) | 200 OK [http://0.0.0.0/]


Processing IndexController#index (for 127.0.0.1 at 2008-11-13 13:24:59) [GET]
  Session ID: BAh7BiIKZmxhc2hJQzonQWN0aW9uQ29udHJvbGxlcjo6Rmxhc2g6OkZsYXNo
SGFzaHsABjoKQHVzZWR7AA==--b7b8295c61d7f548d0955bab7cdd4daae46fd3a0
  Parameters: {"action"=>"index", "controller"=>"index"}
Rendering template within layouts/application
Rendering index/index
Completed in 0.00408 (245 reqs/sec) | Rendering: 0.00202 (49%) | DB: 0.00000 (0%) | 200 OK [http://0.0.0.0/]


Processing IndexController#index (for 127.0.0.1 at 2008-11-13 13:25:00) [GET]
  Session ID: BAh7BiIKZmxhc2hJQzonQWN0aW9uQ29udHJvbGxlcjo6Rmxhc2g6OkZsYXNo
SGFzaHsABjoKQHVzZWR7AA==--b7b8295c61d7f548d0955bab7cdd4daae46fd3a0
  Parameters: {"action"=>"index", "controller"=>"index"}
Rendering template within layouts/application
Rendering index/index
Completed in 0.00449 (222 reqs/sec) | Rendering: 0.00268 (59%) | DB: 0.00000 (0%) | 200 OK [http://0.0.0.0/]


Processing IndexController#index (for 127.0.0.1 at 2008-11-13 13:25:06) [GET]
  Session ID: BAh7BiIKZmxhc2hJQzonQWN0aW9uQ29udHJvbGxlcjo6Rmxhc2g6OkZsYXNo
SGFzaHsABjoKQHVzZWR7AA==--b7b8295c61d7f548d0955bab7cdd4daae46fd3a0
  Parameters: {"action"=>"index", "controller"=>"index"}
Rendering template within layouts/application
Rendering index/index
Completed in 0.00837 (119 reqs/sec) | Rendering: 0.00634 (75%) | DB: 0.00000 (0%) | 200 OK [http://0.0.0.0/]


Processing IndexController#index (for 127.0.0.1 at 2008-11-13 13:25:07) [GET]
  Session ID: BAh7BiIKZmxhc2hJQzonQWN0aW9uQ29udHJvbGxlcjo6Rmxhc2g6OkZsYXNo
SGFzaHsABjoKQHVzZWR7AA==--b7b8295c61d7f548d0955bab7cdd4daae46fd3a0
  Parameters: {"action"=>"index", "controller"=>"index"}
Rendering template within layouts/application
Rendering index/index
Completed in 0.00325 (307 reqs/sec) | Rendering: 0.00161 (49%) | DB: 0.00000 (0%) | 200 OK [http://0.0.0.0/]


Processing IndexController#index (for 127.0.0.1 at 2008-11-13 13:25:27) [GET]
  Session ID: BAh7BiIKZmxhc2hJQzonQWN0aW9uQ29udHJvbGxlcjo6Rmxhc2g6OkZsYXNo
SGFzaHsABjoKQHVzZWR7AA==--b7b8295c61d7f548d0955bab7cdd4daae46fd3a0
  Parameters: {"action"=>"index", "controller"=>"index"}
Rendering template within layouts/application
Rendering index/index
Completed in 0.00362 (275 reqs/sec) | Rendering: 0.00186 (51%) | DB: 0.00000 (0%) | 200 OK [http://0.0.0.0/]


Processing IndexController#index (for 127.0.0.1 at 2008-11-13 13:27:26) [GET]
  Session ID: BAh7BiIKZmxhc2hJQzonQWN0aW9uQ29udHJvbGxlcjo6Rmxhc2g6OkZsYXNo
SGFzaHsABjoKQHVzZWR7AA==--b7b8295c61d7f548d0955bab7cdd4daae46fd3a0
  Parameters: {"action"=>"index", "controller"=>"index"}
Rendering template within layouts/application
Rendering index/index
Completed in 0.00328 (304 reqs/sec) | Rendering: 0.00140 (42%) | DB: 0.00000 (0%) | 200 OK [http://0.0.0.0/]
